<?xml version="1.0" encoding="UTF-8"?>
<!-- Generated by org.testng.reporters.JUnitReportReporter -->
<testsuite skipped="0" hostname="DESKTOP-74IGQTL" name="idp.hcIndia.testScript.SearchResults" tests="1" failures="0" timestamp="11 Mar 2018 06:43:44 GMT" time="133.381" errors="0">
  <testcase name="searchresultchecking" time="133.381" classname="idp.hcIndia.testScript.SearchResults"/>
</testsuite> <!-- idp.hcIndia.testScript.SearchResults -->
